[2024-01-04T19:34:48.190+0000] {taskinstance.py:1159} INFO - Dependencies all met for dep_context=non-requeueable deps ti=<TaskInstance: example_params_trigger_ui.print_greetings manual__2024-01-04T19:33:42+00:00 [queued]>
[2024-01-04T19:34:48.247+0000] {taskinstance.py:1159} INFO - Dependencies all met for dep_context=requeueable deps ti=<TaskInstance: example_params_trigger_ui.print_greetings manual__2024-01-04T19:33:42+00:00 [queued]>
[2024-01-04T19:34:48.248+0000] {taskinstance.py:1361} INFO - Starting attempt 1 of 1
[2024-01-04T19:34:48.299+0000] {taskinstance.py:1382} INFO - Executing <Task(_PythonDecoratedOperator): print_greetings> on 2024-01-04 19:33:42+00:00
[2024-01-04T19:34:48.331+0000] {standard_task_runner.py:57} INFO - Started process 153 to run task
[2024-01-04T19:34:48.349+0000] {standard_task_runner.py:84} INFO - Running: ['***', 'tasks', 'run', 'example_params_trigger_ui', 'print_greetings', 'manual__2024-01-04T19:33:42+00:00', '--job-id', '72', '--raw', '--subdir', '/home/***/.local/lib/python3.8/site-packages/***/example_dags/example_params_trigger_ui.py', '--cfg-path', '/tmp/tmpd8oefmzv']
[2024-01-04T19:34:48.359+0000] {standard_task_runner.py:85} INFO - Job 72: Subtask print_greetings
[2024-01-04T19:34:48.689+0000] {task_command.py:416} INFO - Running <TaskInstance: example_params_trigger_ui.print_greetings manual__2024-01-04T19:33:42+00:00 [running]> on host 6808d18c086e
[2024-01-04T19:34:49.464+0000] {taskinstance.py:1662} INFO - Exporting env vars: AIRFLOW_CTX_DAG_OWNER='***' AIRFLOW_CTX_DAG_ID='example_params_trigger_ui' AIRFLOW_CTX_TASK_ID='print_greetings' AIRFLOW_CTX_EXECUTION_DATE='2024-01-04T19:33:42+00:00' AIRFLOW_CTX_TRY_NUMBER='1' AIRFLOW_CTX_DAG_RUN_ID='manual__2024-01-04T19:33:42+00:00'
[2024-01-04T19:34:49.491+0000] {logging_mixin.py:151} INFO - Hello Linda!
[2024-01-04T19:34:49.492+0000] {logging_mixin.py:151} INFO - Hello Martha!
[2024-01-04T19:34:49.493+0000] {logging_mixin.py:151} INFO - Hello Thomas!
[2024-01-04T19:34:49.497+0000] {logging_mixin.py:151} INFO - Sehr geehrter Herr/Frau Linda.
[2024-01-04T19:34:49.499+0000] {logging_mixin.py:151} INFO - Sehr geehrter Herr/Frau Martha.
[2024-01-04T19:34:49.500+0000] {logging_mixin.py:151} INFO - Sehr geehrter Herr/Frau Thomas.
[2024-01-04T19:34:49.505+0000] {logging_mixin.py:151} INFO - Bonjour Linda!
[2024-01-04T19:34:49.506+0000] {logging_mixin.py:151} INFO - Bonjour Martha!
[2024-01-04T19:34:49.507+0000] {logging_mixin.py:151} INFO - Bonjour Thomas!
[2024-01-04T19:34:49.508+0000] {python.py:194} INFO - Done. Returned value was: None
[2024-01-04T19:34:49.547+0000] {taskinstance.py:1400} INFO - Marking task as SUCCESS. dag_id=example_params_trigger_ui, task_id=print_greetings, execution_date=20240104T193342, start_date=20240104T193448, end_date=20240104T193449
[2024-01-04T19:34:49.751+0000] {local_task_job_runner.py:228} INFO - Task exited with return code 0
[2024-01-04T19:34:49.847+0000] {taskinstance.py:2778} INFO - 0 downstream tasks scheduled from follow-on schedule check
