[2024-01-04T17:18:07.360+0000] {taskinstance.py:1159} INFO - Dependencies all met for dep_context=non-requeueable deps ti=<TaskInstance: online_retail.raw_gcs_to_bigquery manual__2024-01-04T12:14:24.430451+00:00 [queued]>
[2024-01-04T17:18:07.370+0000] {taskinstance.py:1159} INFO - Dependencies all met for dep_context=requeueable deps ti=<TaskInstance: online_retail.raw_gcs_to_bigquery manual__2024-01-04T12:14:24.430451+00:00 [queued]>
[2024-01-04T17:18:07.370+0000] {taskinstance.py:1361} INFO - Starting attempt 3 of 5
[2024-01-04T17:18:07.385+0000] {taskinstance.py:1382} INFO - Executing <Task(GCSToBigQueryOperator): raw_gcs_to_bigquery> on 2024-01-04 12:14:24.430451+00:00
[2024-01-04T17:18:07.392+0000] {standard_task_runner.py:57} INFO - Started process 448 to run task
[2024-01-04T17:18:07.396+0000] {standard_task_runner.py:84} INFO - Running: ['***', 'tasks', 'run', 'online_retail', 'raw_gcs_to_bigquery', 'manual__2024-01-04T12:14:24.430451+00:00', '--job-id', '45', '--raw', '--subdir', 'DAGS_FOLDER/main.py', '--cfg-path', '/tmp/tmp01zf03xb']
[2024-01-04T17:18:07.397+0000] {standard_task_runner.py:85} INFO - Job 45: Subtask raw_gcs_to_bigquery
[2024-01-04T17:18:07.460+0000] {task_command.py:416} INFO - Running <TaskInstance: online_retail.raw_gcs_to_bigquery manual__2024-01-04T12:14:24.430451+00:00 [running]> on host 6808d18c086e
[2024-01-04T17:18:07.552+0000] {taskinstance.py:1662} INFO - Exporting env vars: AIRFLOW_CTX_DAG_EMAIL='***@example.com' AIRFLOW_CTX_DAG_OWNER='***' AIRFLOW_CTX_DAG_ID='online_retail' AIRFLOW_CTX_TASK_ID='raw_gcs_to_bigquery' AIRFLOW_CTX_EXECUTION_DATE='2024-01-04T12:14:24.430451+00:00' AIRFLOW_CTX_TRY_NUMBER='3' AIRFLOW_CTX_DAG_RUN_ID='manual__2024-01-04T12:14:24.430451+00:00'
[2024-01-04T17:18:07.565+0000] {connection.py:232} WARNING - Connection schemes (type: google_cloud_platform) shall not contain '_' according to RFC3986.
[2024-01-04T17:18:07.571+0000] {base.py:73} INFO - Using connection ID 'google_cloud_default' for task execution.
[2024-01-04T17:18:07.573+0000] {gcs_to_bigquery.py:376} INFO - Using existing BigQuery table for storing data...
[2024-01-04T17:18:07.672+0000] {bigquery.py:2312} INFO - Project is not included in destination_project_dataset_table: online_retail.raw_online_retail; using project "master-pager-401705"
[2024-01-04T17:18:07.672+0000] {gcs_to_bigquery.py:380} INFO - Executing: {'load': {'autodetect': True, 'createDisposition': 'CREATE_IF_NEEDED', 'destinationTable': {'projectId': 'master-pager-401705', 'datasetId': 'online_retail', 'tableId': 'raw_online_retail'}, 'sourceFormat': 'CSV', 'sourceUris': ['gs://online-retail-data/raw/online_retail.csv'], 'writeDisposition': 'WRITE_TRUNCATE', 'ignoreUnknownValues': False, 'skipLeadingRows': None, 'fieldDelimiter': ',', 'quote': None, 'allowQuotedNewlines': False, 'encoding': 'UTF-8'}}
[2024-01-04T17:18:07.674+0000] {bigquery.py:1596} INFO - Inserting job ***_online_retail_raw_gcs_to_bigquery_2024_01_04T12_14_24_430451_00_00_7d5ba73fa08fd5467c0572232a355b2c
[2024-01-04T17:18:10.700+0000] {taskinstance.py:1937} ERROR - Task failed with exception
Traceback (most recent call last):
  File "/home/airflow/.local/lib/python3.8/site-packages/airflow/providers/google/cloud/transfers/gcs_to_bigquery.py", line 439, in execute
    job.result(timeout=self.result_timeout, retry=self.result_retry)
  File "/home/airflow/.local/lib/python3.8/site-packages/google/cloud/bigquery/job/base.py", line 922, in result
    return super(_AsyncJob, self).result(timeout=timeout, **kwargs)
  File "/home/airflow/.local/lib/python3.8/site-packages/google/api_core/future/polling.py", line 261, in result
    raise self._exception
google.api_core.exceptions.BadRequest: 400 Error while reading data, error message: CSV table encountered too many errors, giving up. Rows: 26832; errors: 100. Please look into the errors[] collection for more details. File: gs://online-retail-data/raw/online_retail.csv
[2024-01-04T17:18:10.712+0000] {taskinstance.py:1400} INFO - Marking task as UP_FOR_RETRY. dag_id=online_retail, task_id=raw_gcs_to_bigquery, execution_date=20240104T121424, start_date=20240104T171807, end_date=20240104T171810
[2024-01-04T17:18:10.732+0000] {standard_task_runner.py:104} ERROR - Failed to execute job 45 for task raw_gcs_to_bigquery (400 Error while reading data, error message: CSV table encountered too many errors, giving up. Rows: 26832; errors: 100. Please look into the errors[] collection for more details. File: gs://online-retail-data/raw/online_retail.csv; 448)
[2024-01-04T17:18:10.781+0000] {local_task_job_runner.py:228} INFO - Task exited with return code 1
[2024-01-04T17:18:10.807+0000] {taskinstance.py:2778} INFO - 0 downstream tasks scheduled from follow-on schedule check
